Determining if the -Wl,--no-undefined linker flag is supported passed with the following output:
Change Dir: /home/shawr/develop/crypto/tilt/build/CMakeFiles/CMakeTmp

Run Build Command(s):/usr/bin/cmake -E env VERBOSE=1 /usr/bin/gmake -f Makefile cmTC_646e6/fast && /usr/bin/gmake  -f CMakeFiles/cmTC_646e6.dir/build.make CMakeFiles/cmTC_646e6.dir/build
gmake[1]: Entering directory '/home/shawr/develop/crypto/tilt/build/CMakeFiles/CMakeTmp'
Building C object CMakeFiles/cmTC_646e6.dir/CheckLinkerFlag.c.o
/usr/bin/cc   -Wl,--no-undefined    -Wl,--no-undefined -o CMakeFiles/cmTC_646e6.dir/CheckLinkerFlag.c.o -c /home/shawr/develop/crypto/tilt/cmake/CheckLinkerFlag.c
Linking C executable cmTC_646e6
/usr/bin/cmake -E cmake_link_script CMakeFiles/cmTC_646e6.dir/link.txt --verbose=1
/usr/bin/cc -Wl,--no-undefined  CMakeFiles/cmTC_646e6.dir/CheckLinkerFlag.c.o -o cmTC_646e6 
gmake[1]: Leaving directory '/home/shawr/develop/crypto/tilt/build/CMakeFiles/CMakeTmp'



Determining if the -Wl,-undefined,error linker flag is supported passed with the following output:
Change Dir: /home/shawr/develop/crypto/tilt/build/CMakeFiles/CMakeTmp

Run Build Command(s):/usr/bin/cmake -E env VERBOSE=1 /usr/bin/gmake -f Makefile cmTC_79dc7/fast && /usr/bin/gmake  -f CMakeFiles/cmTC_79dc7.dir/build.make CMakeFiles/cmTC_79dc7.dir/build
gmake[1]: Entering directory '/home/shawr/develop/crypto/tilt/build/CMakeFiles/CMakeTmp'
Building C object CMakeFiles/cmTC_79dc7.dir/CheckLinkerFlag.c.o
/usr/bin/cc   -Wl,-undefined,error    -Wl,-undefined,error -o CMakeFiles/cmTC_79dc7.dir/CheckLinkerFlag.c.o -c /home/shawr/develop/crypto/tilt/cmake/CheckLinkerFlag.c
Linking C executable cmTC_79dc7
/usr/bin/cmake -E cmake_link_script CMakeFiles/cmTC_79dc7.dir/link.txt --verbose=1
/usr/bin/cc -Wl,-undefined,error  CMakeFiles/cmTC_79dc7.dir/CheckLinkerFlag.c.o -o cmTC_79dc7 
gmake[1]: Leaving directory '/home/shawr/develop/crypto/tilt/build/CMakeFiles/CMakeTmp'



Determining if the -pie linker flag is supported passed with the following output:
Change Dir: /home/shawr/develop/crypto/tilt/build/CMakeFiles/CMakeTmp

Run Build Command(s):/usr/bin/cmake -E env VERBOSE=1 /usr/bin/gmake -f Makefile cmTC_1c488/fast && /usr/bin/gmake  -f CMakeFiles/cmTC_1c488.dir/build.make CMakeFiles/cmTC_1c488.dir/build
gmake[1]: Entering directory '/home/shawr/develop/crypto/tilt/build/CMakeFiles/CMakeTmp'
Building C object CMakeFiles/cmTC_1c488.dir/CheckLinkerFlag.c.o
/usr/bin/cc   -pie    -pie -o CMakeFiles/cmTC_1c488.dir/CheckLinkerFlag.c.o -c /home/shawr/develop/crypto/tilt/cmake/CheckLinkerFlag.c
Linking C executable cmTC_1c488
/usr/bin/cmake -E cmake_link_script CMakeFiles/cmTC_1c488.dir/link.txt --verbose=1
/usr/bin/cc -pie  CMakeFiles/cmTC_1c488.dir/CheckLinkerFlag.c.o -o cmTC_1c488 
gmake[1]: Leaving directory '/home/shawr/develop/crypto/tilt/build/CMakeFiles/CMakeTmp'



Determining if the -Wl,-z,relro linker flag is supported passed with the following output:
Change Dir: /home/shawr/develop/crypto/tilt/build/CMakeFiles/CMakeTmp

Run Build Command(s):/usr/bin/cmake -E env VERBOSE=1 /usr/bin/gmake -f Makefile cmTC_9c274/fast && /usr/bin/gmake  -f CMakeFiles/cmTC_9c274.dir/build.make CMakeFiles/cmTC_9c274.dir/build
gmake[1]: Entering directory '/home/shawr/develop/crypto/tilt/build/CMakeFiles/CMakeTmp'
Building C object CMakeFiles/cmTC_9c274.dir/CheckLinkerFlag.c.o
/usr/bin/cc   -Wl,-z,relro    -Wl,-z,relro -o CMakeFiles/cmTC_9c274.dir/CheckLinkerFlag.c.o -c /home/shawr/develop/crypto/tilt/cmake/CheckLinkerFlag.c
Linking C executable cmTC_9c274
/usr/bin/cmake -E cmake_link_script CMakeFiles/cmTC_9c274.dir/link.txt --verbose=1
/usr/bin/cc -Wl,-z,relro  CMakeFiles/cmTC_9c274.dir/CheckLinkerFlag.c.o -o cmTC_9c274 
gmake[1]: Leaving directory '/home/shawr/develop/crypto/tilt/build/CMakeFiles/CMakeTmp'



Determining if the -Wl,-z,now linker flag is supported passed with the following output:
Change Dir: /home/shawr/develop/crypto/tilt/build/CMakeFiles/CMakeTmp

Run Build Command(s):/usr/bin/cmake -E env VERBOSE=1 /usr/bin/gmake -f Makefile cmTC_9a75d/fast && /usr/bin/gmake  -f CMakeFiles/cmTC_9a75d.dir/build.make CMakeFiles/cmTC_9a75d.dir/build
gmake[1]: Entering directory '/home/shawr/develop/crypto/tilt/build/CMakeFiles/CMakeTmp'
Building C object CMakeFiles/cmTC_9a75d.dir/CheckLinkerFlag.c.o
/usr/bin/cc   -Wl,-z,now    -Wl,-z,now -o CMakeFiles/cmTC_9a75d.dir/CheckLinkerFlag.c.o -c /home/shawr/develop/crypto/tilt/cmake/CheckLinkerFlag.c
Linking C executable cmTC_9a75d
/usr/bin/cmake -E cmake_link_script CMakeFiles/cmTC_9a75d.dir/link.txt --verbose=1
/usr/bin/cc -Wl,-z,now  CMakeFiles/cmTC_9a75d.dir/CheckLinkerFlag.c.o -o cmTC_9a75d 
gmake[1]: Leaving directory '/home/shawr/develop/crypto/tilt/build/CMakeFiles/CMakeTmp'



Determining if the -Wl,-z,noexecstack linker flag is supported passed with the following output:
Change Dir: /home/shawr/develop/crypto/tilt/build/CMakeFiles/CMakeTmp

Run Build Command(s):/usr/bin/cmake -E env VERBOSE=1 /usr/bin/gmake -f Makefile cmTC_5f6ad/fast && /usr/bin/gmake  -f CMakeFiles/cmTC_5f6ad.dir/build.make CMakeFiles/cmTC_5f6ad.dir/build
gmake[1]: Entering directory '/home/shawr/develop/crypto/tilt/build/CMakeFiles/CMakeTmp'
Building C object CMakeFiles/cmTC_5f6ad.dir/CheckLinkerFlag.c.o
/usr/bin/cc   -Wl,-z,noexecstack    -Wl,-z,noexecstack -o CMakeFiles/cmTC_5f6ad.dir/CheckLinkerFlag.c.o -c /home/shawr/develop/crypto/tilt/cmake/CheckLinkerFlag.c
Linking C executable cmTC_5f6ad
/usr/bin/cmake -E cmake_link_script CMakeFiles/cmTC_5f6ad.dir/link.txt --verbose=1
/usr/bin/cc -Wl,-z,noexecstack  CMakeFiles/cmTC_5f6ad.dir/CheckLinkerFlag.c.o -o cmTC_5f6ad 
gmake[1]: Leaving directory '/home/shawr/develop/crypto/tilt/build/CMakeFiles/CMakeTmp'



